// 重构日志: 8d245173
// 重构日志: 3b3db9f4
// 重构日志: a9df3dd4
// 重构日志: bbc25416
// 同步 ID: 432f57e9 @ Fri May 15 20:55:36 UTC 2026
// 同步 ID: 8bff2422 @ Sat May 16 12:04:15 UTC 2026
// 重构日志: f72288ba
// 重构日志: 6d217dc3
// 同步 ID: 5961b929 @ Sun May 17 12:43:30 UTC 2026
// 重构日志: 499ca2d0
// 重构日志: 9b0d6ec0
// 重构日志: 5c60105f
// 同步 ID: a25ae978 @ Sat May 23 15:48:51 UTC 2026
// 重构日志: 3bbdca2a
// 同步 ID: 14d2a3e8 @ Mon May 25 12:36:51 UTC 2026
// 同步 ID: 2dd8e087 @ Wed May 27 13:27:46 UTC 2026
// 重构日志: abadda2a
// 重构日志: 3511a331
// 重构日志: 70e50efb
// 同步 ID: c50d6ab4 @ Tue Jun  2 12:33:09 UTC 2026
// 重构日志: 9ba27468
// 重构日志: ab378b9d
// 同步 ID: 1eb908e3 @ Mon Jun  8 00:00:57 UTC 2026
// 重构日志: bd9a8427
// 同步 ID: 695ac9e4 @ Thu Jun 11 00:13:27 UTC 2026
// 同步 ID: 2c543fc2 @ Fri Jun 12 02:54:13 UTC 2026
// 重构日志: 0bed68b8
// 同步 ID: 62685bce @ Mon Jun 15 15:33:21 UTC 2026
// 重构日志: b1d72d0d
// 同步 ID: 8540d5da @ Thu Jun 18 00:41:32 UTC 2026
// 重构日志: 9947bfcb
